<?xml version="1.0" encoding="UTF-8"?>
<!-- Generated by org.testng.reporters.JUnitXMLReporter -->
<testsuite ignored="0" hostname="LP-Dipali" failures="0" tests="1" name="Create Bussiness" time="0.035" errors="0" timestamp="2024-09-13T08:37:53 GMT-04:00">
  <testcase classname="com.bookingzone.admin.pages.BaseClass" name="@BeforeSuite initialiseBrowser" time="8.105">
    <failure type="java.lang.NullPointerException" message="Cannot invoke &amp;quot;String.hashCode()&amp;quot; because &amp;quot;userType&amp;quot; is null">
      <![CDATA[java.lang.NullPointerException: Cannot invoke "String.hashCode()" because "userType" is null
at com.bookingzone.admin.pages.BaseClass.fetchLoginData(BaseClass.java:104)
at com.bookingzone.admin.pages.BaseClass.initialiseBrowser(BaseClass.java:82)
... Removed 19 stack frames]]>
    </failure>
  </testcase> <!-- @BeforeSuite initialiseBrowser -->
  <testcase classname="com.bookingzone.admin.createbussiness_outlets.tests.TC001CreateBussiness" name="@BeforeClass initializeTest" time="0.0">
    <skipped/>
  </testcase> <!-- @BeforeClass initializeTest -->
  <testcase classname="com.bookingzone.admin.pages.BaseClass" name="@BeforeMethod setupTest" time="0.0">
    <skipped/>
  </testcase> <!-- @BeforeMethod setupTest -->
  <testcase classname="com.bookingzone.admin.pages.BaseClass" name="@AfterMethod checkStatusAndCaptureScreenshot" time="0.0">
    <skipped/>
  </testcase> <!-- @AfterMethod checkStatusAndCaptureScreenshot -->
  <testcase classname="com.bookingzone.admin.createbussiness_outlets.tests.TC001CreateBussiness" name="testBusinessCreation" time="0.0">
    <skipped/>
  </testcase> <!-- testBusinessCreation -->
</testsuite> <!-- Create Bussiness -->
