<?xml version="1.0" encoding="UTF-8"?>
<!-- Generated by org.testng.reporters.JUnitXMLReporter -->
<testsuite ignored="0" hostname="LP-Dipali" failures="1" tests="1" name="Add Venue Details" time="78.245" errors="0" timestamp="2024-07-20T09:34:13 GMT-04:00">
  <testcase classname="com.bookingzone.admin.createbussiness_outlets.tests.TC004AddVenueDetails" name="testAddVenueDetails" time="57.394">
    <failure type="java.lang.AssertionError" message="Some feilds are required. Please fill required feild.">
      <![CDATA[java.lang.AssertionError: Some feilds are required. Please fill required feild.
at com.bookingzone.admin.createbussiness_outlets.tests.TC004AddVenueDetails.handleFailure(TC004AddVenueDetails.java:173)
at com.bookingzone.admin.createbussiness_outlets.tests.TC004AddVenueDetails.testAddVenueDetails(TC004AddVenueDetails.java:159)
at java.base/java.util.ArrayList.forEach(ArrayList.java:1511)
... Removed 28 stack frames]]>
    </failure>
  </testcase> <!-- testAddVenueDetails -->
</testsuite> <!-- Add Venue Details -->
