<?xml version="1.0" encoding="UTF-8"?>
<!-- Generated by org.testng.reporters.JUnitXMLReporter -->
<testsuite ignored="1" hostname="DESKTOP-OEVFJIS" failures="0" tests="1" name="ADD_Service" time="72.497" errors="0" timestamp="2023-03-04T04:14:52 GMT-05:00">
  <testcase classname="All_TestClasses.TestBussiness_AddService_Venue" name="ADD_Service" time="29.551"/>
  <testcase classname="All_TestClasses.TestBussiness_AddService_Venue" name="Add_Venue_Details" time="0.0">
    <ignored/>
  </testcase> <!-- Add_Venue_Details -->
</testsuite> <!-- ADD_Service -->
