<?xml version="1.0" encoding="UTF-8"?>
<!-- Generated by org.testng.reporters.JUnitXMLReporter -->
<testsuite ignored="0" hostname="DESKTOP-OEVFJIS" failures="1" tests="1" name="Block_MultipleSlots" time="271.938" errors="0" timestamp="2023-05-02T05:37:22 GMT-04:00">
  <testcase classname="All_TestClasses.TestBlock_MultipleSlots" name="Block_MultipleSlots" time="201.926">
    <failure type="java.lang.AssertionError" message="expected [Booking status updated successfully] but found [Resources Blocked]">
      <![CDATA[java.lang.AssertionError: expected [Booking status updated successfully] but found [Resources Blocked]
at All_TestClasses.TestBlock_MultipleSlots.Block_MultipleSlots(TestBlock_MultipleSlots.java:344)
at java.base/java.util.ArrayList.forEach(ArrayList.java:1511)
... Removed 33 stack frames]]>
    </failure>
  </testcase> <!-- Block_MultipleSlots -->
</testsuite> <!-- Block_MultipleSlots -->
