<?xml version="1.0" encoding="UTF-8"?>
<!-- Generated by org.testng.reporters.JUnitXMLReporter -->
<testsuite ignored="0" hostname="LP-Dipali" failures="0" tests="1" name="Create_upfront0_booking_make_secondpay_withcard" time="178.702" errors="0" timestamp="2024-03-27T07:26:09 GMT-04:00">
  <testcase classname="All_TestClasses.TC020_Upfront0_Secondpay_WithCard" name="Create_upfront0_booking_make_secondpay_withcard" time="153.457"/>
</testsuite> <!-- Create_upfront0_booking_make_secondpay_withcard -->
