<?xml version="1.0" encoding="UTF-8"?>
<!-- Generated by org.testng.reporters.JUnitXMLReporter -->
<testsuite ignored="1" hostname="LP-Dipali" failures="0" tests="0" time="0.014" errors="0" timestamp="2024-09-10T00:21:42 GMT-04:00">
  <testcase classname="com.bookingzone.admin.pages.BaseClass" name="@AfterTest teardown" time="0.0">
    <failure type="java.lang.NullPointerException" message="Cannot invoke &amp;quot;org.openqa.selenium.WebDriver.quit()&amp;quot; because &amp;quot;this.driver&amp;quot; is null">
      <![CDATA[java.lang.NullPointerException: Cannot invoke "org.openqa.selenium.WebDriver.quit()" because "this.driver" is null
at com.bookingzone.admin.pages.BaseClass.teardown(BaseClass.java:154)
... Removed 24 stack frames]]>
    </failure>
  </testcase> <!-- @AfterTest teardown -->
  <testcase classname="com.bookingzone.admin.FullPayment.TC001FullCardPayment" name="testCreateBookingPayViaCard" time="0.0">
    <ignored/>
  </testcase> <!-- testCreateBookingPayViaCard -->
</testsuite>
