<?xml version="1.0" encoding="UTF-8"?>
<!-- Generated by org.testng.reporters.JUnitXMLReporter -->
<testsuite ignored="0" hostname="LP-Dipali" failures="1" tests="1" name="Create Business" time="50.76" errors="0" timestamp="2024-07-19T08:04:17 GMT-04:00">
  <testcase classname="com.bookingzone.admin.createbussiness_outlets.tests.TC001CreateBussiness" name="testBusinessCreation" time="33.753">
    <failure type="java.lang.AssertionError" message="Business already registered, please try with other email">
      <![CDATA[java.lang.AssertionError: Business already registered, please try with other email
at com.bookingzone.admin.createbussiness_outlets.tests.TC001CreateBussiness.handleFailure(TC001CreateBussiness.java:296)
at com.bookingzone.admin.createbussiness_outlets.tests.TC001CreateBussiness.testBusinessCreation(TC001CreateBussiness.java:206)
at java.base/java.util.ArrayList.forEach(ArrayList.java:1511)
... Removed 28 stack frames]]>
    </failure>
  </testcase> <!-- testBusinessCreation -->
</testsuite> <!-- Create Business -->
