<?xml version="1.0" encoding="UTF-8"?>
<!-- Generated by org.testng.reporters.JUnitXMLReporter -->
<testsuite ignored="0" hostname="INNODEED" failures="1" tests="1" name="Edit reservation slot" time="168.021" errors="0" timestamp="2023-09-06T07:24:13 GMT-04:00">
  <testcase classname="All_TestClasses.TestAdmin_Edit_ReservationSlot" name="Edit_the_ReservationSlot" time="146.052">
    <failure type="java.lang.AssertionError" message="expected [Booking Successful !] but found []">
      <![CDATA[java.lang.AssertionError: expected [Booking Successful !] but found []
at All_TestClasses.TestAdmin_Edit_ReservationSlot.Edit_the_ReservationSlot(TestAdmin_Edit_ReservationSlot.java:276)
at java.base/java.util.ArrayList.forEach(ArrayList.java:1511)
... Removed 33 stack frames]]>
    </failure>
  </testcase> <!-- Edit_the_ReservationSlot -->
</testsuite> <!-- Edit reservation slot -->
