<?xml version="1.0" encoding="UTF-8"?>
<!-- Generated by org.testng.reporters.JUnitXMLReporter -->
<testsuite ignored="0" hostname="LP-Dipali" failures="1" tests="1" name="Edit Booking" time="19.978" errors="0" timestamp="2024-09-10T00:22:02 GMT-04:00">
  <testcase classname="com.bookingzone.admin.FullPayment.TC001_EditBooking" name="testChangeStatus" time="0.005">
    <failure type="java.lang.AssertionError" message="Booking ID not found.">
      <![CDATA[java.lang.AssertionError: Booking ID not found.
at com.bookingzone.admin.FullPayment.TC001_EditBooking.testChangeStatus(TC001_EditBooking.java:82)
at java.base/java.util.ArrayList.forEach(ArrayList.java:1511)
... Removed 28 stack frames]]>
    </failure>
  </testcase> <!-- testChangeStatus -->
</testsuite> <!-- Edit Booking -->
